<?xml version="1.0" encoding="UTF-8"?>
<testsuite name="mx.gob.ssedomex.redisSession.RedisSessionApplicationTests" tests="1" skipped="0" failures="0" errors="0" timestamp="2019-10-01T17:00:11" hostname="paklei-pc" time="0.036">
  <properties/>
  <testcase name="contextLoads" classname="mx.gob.ssedomex.redisSession.RedisSessionApplicationTests" time="0.036"/>
  <system-out><![CDATA[12:00:04.678 [Test worker] DEBUG org.springframework.test.context.junit4.SpringJUnit4ClassRunner - SpringJUnit4ClassRunner constructor called with [class mx.gob.ssedomex.redisSession.RedisSessionApplicationTests]
12:00:04.693 [Test worker] DEBUG org.springframework.test.context.BootstrapUtils - Instantiating CacheAwareContextLoaderDelegate from class [org.springframework.test.context.cache.DefaultCacheAwareContextLoaderDelegate]
12:00:04.709 [Test worker] DEBUG org.springframework.test.context.BootstrapUtils - Instantiating BootstrapContext using constructor [public org.springframework.test.context.support.DefaultBootstrapContext(java.lang.Class,org.springframework.test.context.CacheAwareContextLoaderDelegate)]
12:00:04.743 [Test worker] DEBUG org.springframework.test.context.BootstrapUtils - Instantiating TestContextBootstrapper for test class [mx.gob.ssedomex.redisSession.RedisSessionApplicationTests] from class [org.springframework.boot.test.context.SpringBootTestContextBootstrapper]
12:00:04.766 [Test worker] INFO org.springframework.boot.test.context.SpringBootTestContextBootstrapper - Neither @ContextConfiguration nor @ContextHierarchy found for test class [mx.gob.ssedomex.redisSession.RedisSessionApplicationTests], using SpringBootContextLoader
12:00:04.774 [Test worker] DEBUG org.springframework.test.context.support.AbstractContextLoader - Did not detect default resource location for test class [mx.gob.ssedomex.redisSession.RedisSessionApplicationTests]: class path resource [mx/gob/ssedomex/redisSession/RedisSessionApplicationTests-context.xml] does not exist
12:00:04.774 [Test worker] DEBUG org.springframework.test.context.support.AbstractContextLoader - Did not detect default resource location for test class [mx.gob.ssedomex.redisSession.RedisSessionApplicationTests]: class path resource [mx/gob/ssedomex/redisSession/RedisSessionApplicationTestsContext.groovy] does not exist
12:00:04.775 [Test worker] INFO org.springframework.test.context.support.AbstractContextLoader - Could not detect default resource locations for test class [mx.gob.ssedomex.redisSession.RedisSessionApplicationTests]: no resource found for suffixes {-context.xml, Context.groovy}.
12:00:04.775 [Test worker] INFO org.springframework.test.context.support.AnnotationConfigContextLoaderUtils - Could not detect default configuration classes for test class [mx.gob.ssedomex.redisSession.RedisSessionApplicationTests]: RedisSessionApplicationTests does not declare any static, non-private, non-final, nested classes annotated with @Configuration.
12:00:04.843 [Test worker] DEBUG org.springframework.test.context.support.ActiveProfilesUtils - Could not find an 'annotation declaring class' for annotation type [org.springframework.test.context.ActiveProfiles] and class [mx.gob.ssedomex.redisSession.RedisSessionApplicationTests]
12:00:04.974 [Test worker] DEBUG org.springframework.context.annotation.ClassPathScanningCandidateComponentProvider - Identified candidate component class: file [/home/paklei/proyectosPrueba/redisSession/build/classes/java/main/mx/gob/ssedomex/redisSession/RedisSessionApplication.class]
12:00:04.999 [Test worker] INFO org.springframework.boot.test.context.SpringBootTestContextBootstrapper - Found @SpringBootConfiguration mx.gob.ssedomex.redisSession.RedisSessionApplication for test class mx.gob.ssedomex.redisSession.RedisSessionApplicationTests
12:00:05.124 [Test worker] DEBUG org.springframework.boot.test.context.SpringBootTestContextBootstrapper - @TestExecutionListeners is not present for class [mx.gob.ssedomex.redisSession.RedisSessionApplicationTests]: using defaults.
12:00:05.125 [Test worker] INFO org.springframework.boot.test.context.SpringBootTestContextBootstrapper - Loaded default TestExecutionListener class names from location [META-INF/spring.factories]: [org.springframework.security.test.context.support.WithSecurityContextTestExecutionListener, org.springframework.security.test.context.support.ReactorContextTestExecutionListener, org.springframework.boot.test.autoconfigure.restdocs.RestDocsTestExecutionListener, org.springframework.boot.test.autoconfigure.web.client.MockRestServiceServerResetTestExecutionListener, org.springframework.boot.test.autoconfigure.web.servlet.MockMvcPrintOnlyOnFailureTestExecutionListener, org.springframework.boot.test.autoconfigure.web.servlet.WebDriverTestExecutionListener, org.springframework.boot.test.mock.mockito.MockitoTestExecutionListener, org.springframework.boot.test.mock.mockito.ResetMocksTestExecutionListener, org.springframework.test.context.web.ServletTestExecutionListener, org.springframework.test.context.support.DirtiesContextBeforeModesTestExecutionListener, org.springframework.test.context.support.DependencyInjectionTestExecutionListener, org.springframework.test.context.support.DirtiesContextTestExecutionListener, org.springframework.test.context.transaction.TransactionalTestExecutionListener, org.springframework.test.context.jdbc.SqlScriptsTestExecutionListener]
12:00:05.140 [Test worker] INFO org.springframework.boot.test.context.SpringBootTestContextBootstrapper - Using TestExecutionListeners: [org.springframework.test.context.web.ServletTestExecutionListener@20e8922, org.springframework.test.context.support.DirtiesContextBeforeModesTestExecutionListener@521743d, org.springframework.boot.test.mock.mockito.MockitoTestExecutionListener@70e0b263, org.springframework.boot.test.autoconfigure.SpringBootDependencyInjectionTestExecutionListener@6eb84964, org.springframework.test.context.support.DirtiesContextTestExecutionListener@18098a08, org.springframework.test.context.transaction.TransactionalTestExecutionListener@168795a8, org.springframework.test.context.jdbc.SqlScriptsTestExecutionListener@63814eb1, org.springframework.security.test.context.support.WithSecurityContextTestExecutionListener@4f5ed8cc, org.springframework.security.test.context.support.ReactorContextTestExecutionListener@1b5342e5, org.springframework.boot.test.autoconfigure.restdocs.RestDocsTestExecutionListener@3153bef2, org.springframework.boot.test.autoconfigure.web.client.MockRestServiceServerResetTestExecutionListener@58ce8aaf, org.springframework.boot.test.autoconfigure.web.servlet.MockMvcPrintOnlyOnFailureTestExecutionListener@61efa1c2, org.springframework.boot.test.autoconfigure.web.servlet.WebDriverTestExecutionListener@602a9370, org.springframework.boot.test.mock.mockito.ResetMocksTestExecutionListener@4c2215a9]
12:00:05.141 [Test worker] DEBUG org.springframework.test.annotation.ProfileValueUtils - Retrieved @ProfileValueSourceConfiguration [null] for test class [mx.gob.ssedomex.redisSession.RedisSessionApplicationTests]
12:00:05.142 [Test worker] DEBUG org.springframework.test.annotation.ProfileValueUtils - Retrieved ProfileValueSource type [class org.springframework.test.annotation.SystemProfileValueSource] for class [mx.gob.ssedomex.redisSession.RedisSessionApplicationTests]
12:00:05.142 [Test worker] DEBUG org.springframework.test.annotation.ProfileValueUtils - Retrieved @ProfileValueSourceConfiguration [null] for test class [mx.gob.ssedomex.redisSession.RedisSessionApplicationTests]
12:00:05.142 [Test worker] DEBUG org.springframework.test.annotation.ProfileValueUtils - Retrieved ProfileValueSource type [class org.springframework.test.annotation.SystemProfileValueSource] for class [mx.gob.ssedomex.redisSession.RedisSessionApplicationTests]
12:00:05.151 [Test worker] DEBUG org.springframework.test.context.support.AbstractDirtiesContextTestExecutionListener - Before test class: context [DefaultTestContext@60248145 testClass = RedisSessionApplicationTests, testInstance = [null], testMethod = [null], testException = [null], mergedContextConfiguration = [WebMergedContextConfiguration@29b8e7c9 testClass = RedisSessionApplicationTests, locations = '{}', classes = '{class mx.gob.ssedomex.redisSession.RedisSessionApplication}', contextInitializerClasses = '[]', activeProfiles = '{}', propertySourceLocations = '{}', propertySourceProperties = '{org.springframework.boot.test.context.SpringBootTestContextBootstrapper=true}', contextCustomizers = set[org.springframework.boot.test.autoconfigure.properties.PropertyMappingContextCustomizer@0, org.springframework.boot.test.autoconfigure.web.servlet.WebDriverContextCustomizerFactory$Customizer@38a376f7, org.springframework.boot.test.context.filter.ExcludeFilterContextCustomizer@390a2faa, org.springframework.boot.test.json.DuplicateJsonObjectContextCustomizerFactory$DuplicateJsonObjectContextCustomizer@64390837, org.springframework.boot.test.mock.mockito.MockitoContextCustomizer@0, org.springframework.boot.test.web.client.TestRestTemplateContextCustomizer@3e6aba8c], resourceBasePath = 'src/main/webapp', contextLoader = 'org.springframework.boot.test.context.SpringBootContextLoader', parent = [null]], attributes = map['org.springframework.test.context.web.ServletTestExecutionListener.activateListener' -> true]], class annotated with @DirtiesContext [false] with mode [null].
12:00:05.152 [Test worker] DEBUG org.springframework.test.annotation.ProfileValueUtils - Retrieved @ProfileValueSourceConfiguration [null] for test class [mx.gob.ssedomex.redisSession.RedisSessionApplicationTests]
12:00:05.152 [Test worker] DEBUG org.springframework.test.annotation.ProfileValueUtils - Retrieved ProfileValueSource type [class org.springframework.test.annotation.SystemProfileValueSource] for class [mx.gob.ssedomex.redisSession.RedisSessionApplicationTests]
12:00:05.165 [Test worker] DEBUG org.springframework.test.context.support.TestPropertySourceUtils - Adding inlined properties to environment: {spring.jmx.enabled=false, org.springframework.boot.test.context.SpringBootTestContextBootstrapper=true, server.port=-1}

  .   ____          _            __ _ _
 /\\ / ___'_ __ _ _(_)_ __  __ _ \ \ \ \
( ( )\___ | '_ | '_| | '_ \/ _` | \ \ \ \
 \\/  ___)| |_)| | | | | || (_| |  ) ) ) )
  '  |____| .__|_| |_|_| |_\__, | / / / /
 =========|_|==============|___/=/_/_/_/
 :: Spring Boot ::        (v2.1.8.RELEASE)

2019-10-01 12:00:05.300  INFO 4593 --- [    Test worker] m.g.s.r.RedisSessionApplicationTests     : Starting RedisSessionApplicationTests on paklei-pc with PID 4593 (started by paklei in /home/paklei/proyectosPrueba/redisSession)
2019-10-01 12:00:05.301  INFO 4593 --- [    Test worker] m.g.s.r.RedisSessionApplicationTests     : No active profile set, falling back to default profiles: default
2019-10-01 12:00:05.944  INFO 4593 --- [    Test worker] .s.d.r.c.RepositoryConfigurationDelegate : Multiple Spring Data modules found, entering strict repository configuration mode!
2019-10-01 12:00:05.946  INFO 4593 --- [    Test worker] .s.d.r.c.RepositoryConfigurationDelegate : Bootstrapping Spring Data repositories in DEFAULT mode.
2019-10-01 12:00:06.080  INFO 4593 --- [    Test worker] .s.d.r.c.RepositoryConfigurationDelegate : Finished Spring Data repository scanning in 127ms. Found 3 repository interfaces.
2019-10-01 12:00:06.090  INFO 4593 --- [    Test worker] .s.d.r.c.RepositoryConfigurationDelegate : Multiple Spring Data modules found, entering strict repository configuration mode!
2019-10-01 12:00:06.091  INFO 4593 --- [    Test worker] .s.d.r.c.RepositoryConfigurationDelegate : Bootstrapping Spring Data repositories in DEFAULT mode.
2019-10-01 12:00:06.100  INFO 4593 --- [    Test worker] .RepositoryConfigurationExtensionSupport : Spring Data Redis - Could not safely identify store assignment for repository candidate interface mx.gob.ssedomex.redisSession.repositorios.PersonaRepositorio.
2019-10-01 12:00:06.101  INFO 4593 --- [    Test worker] .RepositoryConfigurationExtensionSupport : Spring Data Redis - Could not safely identify store assignment for repository candidate interface mx.gob.ssedomex.redisSession.repositorios.RolRepositorio.
2019-10-01 12:00:06.102  INFO 4593 --- [    Test worker] .RepositoryConfigurationExtensionSupport : Spring Data Redis - Could not safely identify store assignment for repository candidate interface mx.gob.ssedomex.redisSession.repositorios.UsuarioRepositorio.
2019-10-01 12:00:06.102  INFO 4593 --- [    Test worker] .s.d.r.c.RepositoryConfigurationDelegate : Finished Spring Data repository scanning in 6ms. Found 0 repository interfaces.
2019-10-01 12:00:06.428  INFO 4593 --- [    Test worker] trationDelegate$BeanPostProcessorChecker : Bean 'org.springframework.transaction.annotation.ProxyTransactionManagementConfiguration' of type [org.springframework.transaction.annotation.ProxyTransactionManagementConfiguration$$EnhancerBySpringCGLIB$$6d239192] is not eligible for getting processed by all BeanPostProcessors (for example: not eligible for auto-proxying)
2019-10-01 12:00:07.033  INFO 4593 --- [    Test worker] com.zaxxer.hikari.HikariDataSource       : HikariPool-1 - Starting...
2019-10-01 12:00:07.192  INFO 4593 --- [    Test worker] com.zaxxer.hikari.pool.PoolBase          : HikariPool-1 - Driver does not support get/set network timeout for connections. (oracle.jdbc.driver.T4CConnection.getNetworkTimeout()I)
2019-10-01 12:00:07.194  INFO 4593 --- [    Test worker] com.zaxxer.hikari.HikariDataSource       : HikariPool-1 - Start completed.
2019-10-01 12:00:07.238  INFO 4593 --- [    Test worker] o.hibernate.jpa.internal.util.LogHelper  : HHH000204: Processing PersistenceUnitInfo [
	name: default
	...]
2019-10-01 12:00:07.274  INFO 4593 --- [    Test worker] org.hibernate.Version                    : HHH000412: Hibernate Core {5.3.11.Final}
2019-10-01 12:00:07.275  INFO 4593 --- [    Test worker] org.hibernate.cfg.Environment            : HHH000206: hibernate.properties not found
2019-10-01 12:00:07.374  INFO 4593 --- [    Test worker] o.hibernate.annotations.common.Version   : HCANN000001: Hibernate Commons Annotations {5.0.4.Final}
2019-10-01 12:00:07.499  INFO 4593 --- [    Test worker] org.hibernate.dialect.Dialect            : HHH000400: Using dialect: org.hibernate.dialect.Oracle12cDialect
2019-10-01 12:00:07.560  INFO 4593 --- [    Test worker] org.hibernate.type.BasicTypeRegistry     : HHH000270: Type registration [byte[]] overrides previous : org.hibernate.type.BinaryType@624ae243
2019-10-01 12:00:07.560  INFO 4593 --- [    Test worker] org.hibernate.type.BasicTypeRegistry     : HHH000270: Type registration [[B] overrides previous : org.hibernate.type.BinaryType@624ae243
2019-10-01 12:00:07.560  INFO 4593 --- [    Test worker] org.hibernate.type.BasicTypeRegistry     : HHH000270: Type registration [Byte[]] overrides previous : org.hibernate.type.WrapperBinaryType@57759f8b
2019-10-01 12:00:07.560  INFO 4593 --- [    Test worker] org.hibernate.type.BasicTypeRegistry     : HHH000270: Type registration [[Ljava.lang.Byte;] overrides previous : org.hibernate.type.WrapperBinaryType@57759f8b
2019-10-01 12:00:07.958  INFO 4593 --- [    Test worker] j.LocalContainerEntityManagerFactoryBean : Initialized JPA EntityManagerFactory for persistence unit 'default'
2019-10-01 12:00:08.350  INFO 4593 --- [    Test worker] o.h.h.i.QueryTranslatorFactoryInitiator  : HHH000397: Using ASTQueryTranslatorFactory
2019-10-01 12:00:09.160  INFO 4593 --- [    Test worker] o.s.s.web.DefaultSecurityFilterChain     : Creating filter chain: any request, [org.springframework.security.web.context.request.async.WebAsyncManagerIntegrationFilter@3fd9bebc, org.springframework.security.web.context.SecurityContextPersistenceFilter@3222ff42, org.springframework.security.web.header.HeaderWriterFilter@58ec4699, org.springframework.security.web.authentication.logout.LogoutFilter@dc91e8b, org.springframework.security.web.authentication.UsernamePasswordAuthenticationFilter@5672b81d, org.springframework.security.web.authentication.ui.DefaultLoginPageGeneratingFilter@2955306d, org.springframework.security.web.authentication.ui.DefaultLogoutPageGeneratingFilter@30a8a418, org.springframework.security.web.savedrequest.RequestCacheAwareFilter@7a8661f5, org.springframework.security.web.servletapi.SecurityContextHolderAwareRequestFilter@5073eedf, org.springframework.security.web.authentication.AnonymousAuthenticationFilter@65d55055, org.springframework.security.web.session.SessionManagementFilter@588af3b9, org.springframework.security.web.access.ExceptionTranslationFilter@6472ddf8, org.springframework.security.web.access.intercept.FilterSecurityInterceptor@5254b106]
2019-10-01 12:00:09.492  INFO 4593 --- [    Test worker] io.lettuce.core.EpollProvider            : Starting without optional epoll library
2019-10-01 12:00:09.493  INFO 4593 --- [    Test worker] io.lettuce.core.KqueueProvider           : Starting without optional kqueue library
2019-10-01 12:00:10.017  INFO 4593 --- [    Test worker] o.s.s.concurrent.ThreadPoolTaskExecutor  : Initializing ExecutorService 'applicationTaskExecutor'
2019-10-01 12:00:10.055  WARN 4593 --- [    Test worker] aWebConfiguration$JpaWebMvcConfiguration : spring.jpa.open-in-view is enabled by default. Therefore, database queries may be performed during view rendering. Explicitly configure spring.jpa.open-in-view to disable this warning
2019-10-01 12:00:11.174  INFO 4593 --- [    Test worker] s.a.ScheduledAnnotationBeanPostProcessor : No TaskScheduler/ScheduledExecutorService bean found for scheduled processing
2019-10-01 12:00:11.181  INFO 4593 --- [    Test worker] m.g.s.r.RedisSessionApplicationTests     : Started RedisSessionApplicationTests in 6.012 seconds (JVM running for 6.958)
]]></system-out>
  <system-err><![CDATA[]]></system-err>
</testsuite>
